# JRE version: OpenJDK Runtime Environment (7.0_55-b14) (build 1.7.0_55-b14)
# Java VM: OpenJDK 64-Bit Server VM (24.51-b03 mixed mode linux-amd64 compressed oops)
Heap
 PSYoungGen      total 158720K, used 128K [0x00000000f0000000, 0x00000000f9c00000, 0x0000000100000000)
  eden space 157696K, 0% used [0x00000000f0000000,0x00000000f0000000,0x00000000f9a00000)
  from space 1024K, 12% used [0x00000000f9a00000,0x00000000f9a20000,0x00000000f9b00000)
  to   space 1024K, 0% used [0x00000000f9b00000,0x00000000f9b00000,0x00000000f9c00000)
 ParOldGen       total 32768K, used 572K [0x00000000d0000000, 0x00000000d2000000, 0x00000000f0000000)
  object space 32768K, 1% used [0x00000000d0000000,0x00000000d008f210,0x00000000d2000000)
 PSPermGen       total 21504K, used 4346K [0x00000000c5a00000, 0x00000000c6f00000, 0x00000000d0000000)
  object space 21504K, 20% used [0x00000000c5a00000,0x00000000c5e3eba8,0x00000000c6f00000)
GC Heap History (10 events):
Event: 2.777 GC heap after
Heap after GC invocations=6 (full 0):
 PSYoungGen      total 50176K, used 608K [0x00000000f0000000, 0x00000000f3200000, 0x0000000100000000)
  eden space 49152K, 0% used [0x00000000f0000000,0x00000000f0000000,0x00000000f3000000)
  from space 1024K, 59% used [0x00000000f3100000,0x00000000f3198020,0x00000000f3200000)
  to   space 1024K, 0% used [0x00000000f3000000,0x00000000f3000000,0x00000000f3100000)
 ParOldGen       total 32768K, used 40K [0x00000000d0000000, 0x00000000d2000000, 0x00000000f0000000)
  object space 32768K, 0% used [0x00000000d0000000,0x00000000d000a000,0x00000000d2000000)
 PSPermGen       total 21504K, used 4334K [0x00000000c5a00000, 0x00000000c6f00000, 0x00000000d0000000)
  object space 21504K, 20% used [0x00000000c5a00000,0x00000000c5e3b930,0x00000000c6f00000)
}
Event: 2.890 GC heap before
{Heap before GC invocations=7 (full 0):
 PSYoungGen      total 50176K, used 49760K [0x00000000f0000000, 0x00000000f3200000, 0x0000000100000000)
  eden space 49152K, 100% used [0x00000000f0000000,0x00000000f3000000,0x00000000f3000000)
  from space 1024K, 59% used [0x00000000f3100000,0x00000000f3198020,0x00000000f3200000)
  to   space 1024K, 0% used [0x00000000f3000000,0x00000000f3000000,0x00000000f3100000)
 ParOldGen       total 32768K, used 40K [0x00000000d0000000, 0x00000000d2000000, 0x00000000f0000000)
  object space 32768K, 0% used [0x00000000d0000000,0x00000000d000a000,0x00000000d2000000)
 PSPermGen       total 21504K, used 4334K [0x00000000c5a00000, 0x00000000c6f00000, 0x00000000d0000000)
  object space 21504K, 20% used [0x00000000c5a00000,0x00000000c5e3bb80,0x00000000c6f00000)
Event: 2.893 GC heap after
Heap after GC invocations=7 (full 0):
 PSYoungGen      total 50176K, used 128K [0x00000000f0000000, 0x00000000f6200000, 0x0000000100000000)
  eden space 49152K, 0% used [0x00000000f0000000,0x00000000f0000000,0x00000000f3000000)
  from space 1024K, 12% used [0x00000000f3000000,0x00000000f3020000,0x00000000f3100000)
  to   space 1024K, 0% used [0x00000000f6100000,0x00000000f6100000,0x00000000f6200000)
 ParOldGen       total 32768K, used 540K [0x00000000d0000000, 0x00000000d2000000, 0x00000000f0000000)
  object space 32768K, 1% used [0x00000000d0000000,0x00000000d0087210,0x00000000d2000000)
 PSPermGen       total 21504K, used 4334K [0x00000000c5a00000, 0x00000000c6f00000, 0x00000000d0000000)
  object space 21504K, 20% used [0x00000000c5a00000,0x00000000c5e3bb80,0x00000000c6f00000)
}
Event: 2.966 GC heap before
{Heap before GC invocations=8 (full 0):
 PSYoungGen      total 50176K, used 49280K [0x00000000f0000000, 0x00000000f6200000, 0x0000000100000000)
  eden space 49152K, 100% used [0x00000000f0000000,0x00000000f3000000,0x00000000f3000000)
  from space 1024K, 12% used [0x00000000f3000000,0x00000000f3020000,0x00000000f3100000)
  to   space 1024K, 0% used [0x00000000f6100000,0x00000000f6100000,0x00000000f6200000)
 ParOldGen       total 32768K, used 540K [0x00000000d0000000, 0x00000000d2000000, 0x00000000f0000000)
  object space 32768K, 1% used [0x00000000d0000000,0x00000000d0087210,0x00000000d2000000)
 PSPermGen       total 21504K, used 4341K [0x00000000c5a00000, 0x00000000c6f00000, 0x00000000d0000000)
  object space 21504K, 20% used [0x00000000c5a00000,0x00000000c5e3d410,0x00000000c6f00000)
Event: 2.967 GC heap after
Heap after GC invocations=8 (full 0):
 PSYoungGen      total 99328K, used 96K [0x00000000f0000000, 0x00000000f6200000, 0x0000000100000000)
  eden space 98304K, 0% used [0x00000000f0000000,0x00000000f0000000,0x00000000f6000000)
  from space 1024K, 9% used [0x00000000f6100000,0x00000000f6118000,0x00000000f6200000)
  to   space 1024K, 0% used [0x00000000f6000000,0x00000000f6000000,0x00000000f6100000)
 ParOldGen       total 32768K, used 548K [0x00000000d0000000, 0x00000000d2000000, 0x00000000f0000000)
  object space 32768K, 1% used [0x00000000d0000000,0x00000000d0089210,0x00000000d2000000)
 PSPermGen       total 21504K, used 4341K [0x00000000c5a00000, 0x00000000c6f00000, 0x00000000d0000000)
  object space 21504K, 20% used [0x00000000c5a00000,0x00000000c5e3d410,0x00000000c6f00000)
}
Event: 3.110 GC heap before
{Heap before GC invocations=9 (full 0):
 PSYoungGen      total 99328K, used 98400K [0x00000000f0000000, 0x00000000f6200000, 0x0000000100000000)
  eden space 98304K, 100% used [0x00000000f0000000,0x00000000f6000000,0x00000000f6000000)
  from space 1024K, 9% used [0x00000000f6100000,0x00000000f6118000,0x00000000f6200000)
  to   space 1024K, 0% used [0x00000000f6000000,0x00000000f6000000,0x00000000f6100000)
 ParOldGen       total 32768K, used 548K [0x00000000d0000000, 0x00000000d2000000, 0x00000000f0000000)
  object space 32768K, 1% used [0x00000000d0000000,0x00000000d0089210,0x00000000d2000000)
 PSPermGen       total 21504K, used 4341K [0x00000000c5a00000, 0x00000000c6f00000, 0x00000000d0000000)
  object space 21504K, 20% used [0x00000000c5a00000,0x00000000c5e3d410,0x00000000c6f00000)
Event: 3.111 GC heap after
Heap after GC invocations=9 (full 0):
 PSYoungGen      total 99328K, used 96K [0x00000000f0000000, 0x00000000f9c00000, 0x0000000100000000)
  eden space 98304K, 0% used [0x00000000f0000000,0x00000000f0000000,0x00000000f6000000)
  from space 1024K, 9% used [0x00000000f6000000,0x00000000f6018000,0x00000000f6100000)
  to   space 1024K, 0% used [0x00000000f9b00000,0x00000000f9b00000,0x00000000f9c00000)
 ParOldGen       total 32768K, used 556K [0x00000000d0000000, 0x00000000d2000000, 0x00000000f0000000)
  object space 32768K, 1% used [0x00000000d0000000,0x00000000d008b210,0x00000000d2000000)
 PSPermGen       total 21504K, used 4341K [0x00000000c5a00000, 0x00000000c6f00000, 0x00000000d0000000)
  object space 21504K, 20% used [0x00000000c5a00000,0x00000000c5e3d410,0x00000000c6f00000)
}
Event: 3.217 GC heap before
{Heap before GC invocations=10 (full 0):
 PSYoungGen      total 99328K, used 98400K [0x00000000f0000000, 0x00000000f9c00000, 0x0000000100000000)
  eden space 98304K, 100% used [0x00000000f0000000,0x00000000f6000000,0x00000000f6000000)
  from space 1024K, 9% used [0x00000000f6000000,0x00000000f6018000,0x00000000f6100000)
  to   space 1024K, 0% used [0x00000000f9b00000,0x00000000f9b00000,0x00000000f9c00000)
 ParOldGen       total 32768K, used 556K [0x00000000d0000000, 0x00000000d2000000, 0x00000000f0000000)
  object space 32768K, 1% used [0x00000000d0000000,0x00000000d008b210,0x00000000d2000000)
 PSPermGen       total 21504K, used 4346K [0x00000000c5a00000, 0x00000000c6f00000, 0x00000000d0000000)
  object space 21504K, 20% used [0x00000000c5a00000,0x00000000c5e3eba8,0x00000000c6f00000)
Event: 3.218 GC heap after
Heap after GC invocations=10 (full 0):
 PSYoungGen      total 158720K, used 96K [0x00000000f0000000, 0x00000000f9c00000, 0x0000000100000000)
  eden space 157696K, 0% used [0x00000000f0000000,0x00000000f0000000,0x00000000f9a00000)
  from space 1024K, 9% used [0x00000000f9b00000,0x00000000f9b18000,0x00000000f9c00000)
  to   space 1024K, 0% used [0x00000000f9a00000,0x00000000f9a00000,0x00000000f9b00000)
 ParOldGen       total 32768K, used 564K [0x00000000d0000000, 0x00000000d2000000, 0x00000000f0000000)
  object space 32768K, 1% used [0x00000000d0000000,0x00000000d008d210,0x00000000d2000000)
 PSPermGen       total 21504K, used 4346K [0x00000000c5a00000, 0x00000000c6f00000, 0x00000000d0000000)
  object space 21504K, 20% used [0x00000000c5a00000,0x00000000c5e3eba8,0x00000000c6f00000)
}
Event: 3.416 GC heap before
{Heap before GC invocations=11 (full 0):
 PSYoungGen      total 158720K, used 157792K [0x00000000f0000000, 0x00000000f9c00000, 0x0000000100000000)
  eden space 157696K, 100% used [0x00000000f0000000,0x00000000f9a00000,0x00000000f9a00000)
  from space 1024K, 9% used [0x00000000f9b00000,0x00000000f9b18000,0x00000000f9c00000)
  to   space 1024K, 0% used [0x00000000f9a00000,0x00000000f9a00000,0x00000000f9b00000)
 ParOldGen       total 32768K, used 564K [0x00000000d0000000, 0x00000000d2000000, 0x00000000f0000000)
  object space 32768K, 1% used [0x00000000d0000000,0x00000000d008d210,0x00000000d2000000)
 PSPermGen       total 21504K, used 4346K [0x00000000c5a00000, 0x00000000c6f00000, 0x00000000d0000000)
  object space 21504K, 20% used [0x00000000c5a00000,0x00000000c5e3eba8,0x00000000c6f00000)

