# JRE version: OpenJDK Runtime Environment (7.0_55-b14) (build 1.7.0_55-b14)
# Java VM: OpenJDK 64-Bit Server VM (24.51-b03 mixed mode linux-amd64 compressed oops)
Heap
 PSYoungGen      total 100352K, used 352K [0x00000000f0000000, 0x00000000f6400000, 0x0000000100000000)
  eden space 98304K, 0% used [0x00000000f0000000,0x00000000f0000000,0x00000000f6000000)
  from space 2048K, 17% used [0x00000000f6000000,0x00000000f6058000,0x00000000f6200000)
  to   space 2048K, 0% used [0x00000000f6200000,0x00000000f6200000,0x00000000f6400000)
 ParOldGen       total 32768K, used 806K [0x00000000d0000000, 0x00000000d2000000, 0x00000000f0000000)
  object space 32768K, 2% used [0x00000000d0000000,0x00000000d00c9be8,0x00000000d2000000)
 PSPermGen       total 21504K, used 6664K [0x00000000c5a00000, 0x00000000c6f00000, 0x00000000d0000000)
  object space 21504K, 30% used [0x00000000c5a00000,0x00000000c6082290,0x00000000c6f00000)
GC Heap History (10 events):
Event: 1.714 GC heap after
Heap after GC invocations=2 (full 0):
 PSYoungGen      total 26624K, used 1104K [0x00000000f0000000, 0x00000000f1c00000, 0x0000000100000000)
  eden space 24576K, 0% used [0x00000000f0000000,0x00000000f0000000,0x00000000f1800000)
  from space 2048K, 53% used [0x00000000f1a00000,0x00000000f1b14010,0x00000000f1c00000)
  to   space 2048K, 0% used [0x00000000f1800000,0x00000000f1800000,0x00000000f1a00000)
 ParOldGen       total 32768K, used 16K [0x00000000d0000000, 0x00000000d2000000, 0x00000000f0000000)
  object space 32768K, 0% used [0x00000000d0000000,0x00000000d0004000,0x00000000d2000000)
 PSPermGen       total 21504K, used 6655K [0x00000000c5a00000, 0x00000000c6f00000, 0x00000000d0000000)
  object space 21504K, 30% used [0x00000000c5a00000,0x00000000c607fcb0,0x00000000c6f00000)
}
Event: 1.991 GC heap before
{Heap before GC invocations=3 (full 0):
 PSYoungGen      total 26624K, used 25680K [0x00000000f0000000, 0x00000000f1c00000, 0x0000000100000000)
  eden space 24576K, 100% used [0x00000000f0000000,0x00000000f1800000,0x00000000f1800000)
  from space 2048K, 53% used [0x00000000f1a00000,0x00000000f1b14010,0x00000000f1c00000)
  to   space 2048K, 0% used [0x00000000f1800000,0x00000000f1800000,0x00000000f1a00000)
 ParOldGen       total 32768K, used 16K [0x00000000d0000000, 0x00000000d2000000, 0x00000000f0000000)
  object space 32768K, 0% used [0x00000000d0000000,0x00000000d0004000,0x00000000d2000000)
 PSPermGen       total 21504K, used 6656K [0x00000000c5a00000, 0x00000000c6f00000, 0x00000000d0000000)
  object space 21504K, 30% used [0x00000000c5a00000,0x00000000c60800c8,0x00000000c6f00000)
Event: 1.995 GC heap after
Heap after GC invocations=3 (full 0):
 PSYoungGen      total 26624K, used 1088K [0x00000000f0000000, 0x00000000f3400000, 0x0000000100000000)
  eden space 24576K, 0% used [0x00000000f0000000,0x00000000f0000000,0x00000000f1800000)
  from space 2048K, 53% used [0x00000000f1800000,0x00000000f1910020,0x00000000f1a00000)
  to   space 2048K, 0% used [0x00000000f3200000,0x00000000f3200000,0x00000000f3400000)
 ParOldGen       total 32768K, used 16K [0x00000000d0000000, 0x00000000d2000000, 0x00000000f0000000)
  object space 32768K, 0% used [0x00000000d0000000,0x00000000d0004000,0x00000000d2000000)
 PSPermGen       total 21504K, used 6656K [0x00000000c5a00000, 0x00000000c6f00000, 0x00000000d0000000)
  object space 21504K, 30% used [0x00000000c5a00000,0x00000000c60800c8,0x00000000c6f00000)
}
Event: 2.180 GC heap before
{Heap before GC invocations=4 (full 0):
 PSYoungGen      total 26624K, used 25664K [0x00000000f0000000, 0x00000000f3400000, 0x0000000100000000)
  eden space 24576K, 100% used [0x00000000f0000000,0x00000000f1800000,0x00000000f1800000)
  from space 2048K, 53% used [0x00000000f1800000,0x00000000f1910020,0x00000000f1a00000)
  to   space 2048K, 0% used [0x00000000f3200000,0x00000000f3200000,0x00000000f3400000)
 ParOldGen       total 32768K, used 16K [0x00000000d0000000, 0x00000000d2000000, 0x00000000f0000000)
  object space 32768K, 0% used [0x00000000d0000000,0x00000000d0004000,0x00000000d2000000)
 PSPermGen       total 21504K, used 6656K [0x00000000c5a00000, 0x00000000c6f00000, 0x00000000d0000000)
  object space 21504K, 30% used [0x00000000c5a00000,0x00000000c6080228,0x00000000c6f00000)
Event: 2.183 GC heap after
Heap after GC invocations=4 (full 0):
 PSYoungGen      total 51200K, used 1088K [0x00000000f0000000, 0x00000000f3400000, 0x0000000100000000)
  eden space 49152K, 0% used [0x00000000f0000000,0x00000000f0000000,0x00000000f3000000)
  from space 2048K, 53% used [0x00000000f3200000,0x00000000f3310020,0x00000000f3400000)
  to   space 2048K, 0% used [0x00000000f3000000,0x00000000f3000000,0x00000000f3200000)
 ParOldGen       total 32768K, used 16K [0x00000000d0000000, 0x00000000d2000000, 0x00000000f0000000)
  object space 32768K, 0% used [0x00000000d0000000,0x00000000d0004000,0x00000000d2000000)
 PSPermGen       total 21504K, used 6656K [0x00000000c5a00000, 0x00000000c6f00000, 0x00000000d0000000)
  object space 21504K, 30% used [0x00000000c5a00000,0x00000000c6080228,0x00000000c6f00000)
}
Event: 2.623 GC heap before
{Heap before GC invocations=5 (full 0):
 PSYoungGen      total 51200K, used 50240K [0x00000000f0000000, 0x00000000f3400000, 0x0000000100000000)
  eden space 49152K, 100% used [0x00000000f0000000,0x00000000f3000000,0x00000000f3000000)
  from space 2048K, 53% used [0x00000000f3200000,0x00000000f3310020,0x00000000f3400000)
  to   space 2048K, 0% used [0x00000000f3000000,0x00000000f3000000,0x00000000f3200000)
 ParOldGen       total 32768K, used 16K [0x00000000d0000000, 0x00000000d2000000, 0x00000000f0000000)
  object space 32768K, 0% used [0x00000000d0000000,0x00000000d0004000,0x00000000d2000000)
 PSPermGen       total 21504K, used 6658K [0x00000000c5a00000, 0x00000000c6f00000, 0x00000000d0000000)
  object space 21504K, 30% used [0x00000000c5a00000,0x00000000c6080bf0,0x00000000c6f00000)
Event: 2.627 GC heap after
Heap after GC invocations=5 (full 0):
 PSYoungGen      total 51200K, used 1120K [0x00000000f0000000, 0x00000000f6400000, 0x0000000100000000)
  eden space 49152K, 0% used [0x00000000f0000000,0x00000000f0000000,0x00000000f3000000)
  from space 2048K, 54% used [0x00000000f3000000,0x00000000f3118000,0x00000000f3200000)
  to   space 2048K, 0% used [0x00000000f6200000,0x00000000f6200000,0x00000000f6400000)
 ParOldGen       total 32768K, used 16K [0x00000000d0000000, 0x00000000d2000000, 0x00000000f0000000)
  object space 32768K, 0% used [0x00000000d0000000,0x00000000d0004000,0x00000000d2000000)
 PSPermGen       total 21504K, used 6658K [0x00000000c5a00000, 0x00000000c6f00000, 0x00000000d0000000)
  object space 21504K, 30% used [0x00000000c5a00000,0x00000000c6080bf0,0x00000000c6f00000)
}
Event: 3.043 GC heap before
{Heap before GC invocations=6 (full 0):
 PSYoungGen      total 51200K, used 50272K [0x00000000f0000000, 0x00000000f6400000, 0x0000000100000000)
  eden space 49152K, 100% used [0x00000000f0000000,0x00000000f3000000,0x00000000f3000000)
  from space 2048K, 54% used [0x00000000f3000000,0x00000000f3118000,0x00000000f3200000)
  to   space 2048K, 0% used [0x00000000f6200000,0x00000000f6200000,0x00000000f6400000)
 ParOldGen       total 32768K, used 16K [0x00000000d0000000, 0x00000000d2000000, 0x00000000f0000000)
  object space 32768K, 0% used [0x00000000d0000000,0x00000000d0004000,0x00000000d2000000)
 PSPermGen       total 21504K, used 6664K [0x00000000c5a00000, 0x00000000c6f00000, 0x00000000d0000000)
  object space 21504K, 30% used [0x00000000c5a00000,0x00000000c60821d8,0x00000000c6f00000)
Event: 3.047 GC heap after
Heap after GC invocations=6 (full 0):
 PSYoungGen      total 100352K, used 1088K [0x00000000f0000000, 0x00000000f6400000, 0x0000000100000000)
  eden space 98304K, 0% used [0x00000000f0000000,0x00000000f0000000,0x00000000f6000000)
  from space 2048K, 53% used [0x00000000f6200000,0x00000000f6310020,0x00000000f6400000)
  to   space 2048K, 0% used [0x00000000f6000000,0x00000000f6000000,0x00000000f6200000)
 ParOldGen       total 32768K, used 24K [0x00000000d0000000, 0x00000000d2000000, 0x00000000f0000000)
  object space 32768K, 0% used [0x00000000d0000000,0x00000000d0006000,0x00000000d2000000)
 PSPermGen       total 21504K, used 6664K [0x00000000c5a00000, 0x00000000c6f00000, 0x00000000d0000000)
  object space 21504K, 30% used [0x00000000c5a00000,0x00000000c60821d8,0x00000000c6f00000)
}
Event: 3.808 GC heap before
{Heap before GC invocations=7 (full 0):
 PSYoungGen      total 100352K, used 99392K [0x00000000f0000000, 0x00000000f6400000, 0x0000000100000000)
  eden space 98304K, 100% used [0x00000000f0000000,0x00000000f6000000,0x00000000f6000000)
  from space 2048K, 53% used [0x00000000f6200000,0x00000000f6310020,0x00000000f6400000)
  to   space 2048K, 0% used [0x00000000f6000000,0x00000000f6000000,0x00000000f6200000)
 ParOldGen       total 32768K, used 24K [0x00000000d0000000, 0x00000000d2000000, 0x00000000f0000000)
  object space 32768K, 0% used [0x00000000d0000000,0x00000000d0006000,0x00000000d2000000)
 PSPermGen       total 21504K, used 6664K [0x00000000c5a00000, 0x00000000c6f00000, 0x00000000d0000000)
  object space 21504K, 30% used [0x00000000c5a00000,0x00000000c6082290,0x00000000c6f00000)

